<?xml version="1.0" encoding="UTF-8"?>
<testsuite name="MyArrayListTest" tests="1" skipped="0" failures="0" errors="0" timestamp="2022-08-13T14:55:30" hostname="15UD50N-G" time="0.023">
  <properties/>
  <testcase name="add()" classname="MyArrayListTest" time="0.023"/>
  <system-out><![CDATA[]]></system-out>
  <system-err><![CDATA[]]></system-err>
</testsuite>
